-------------------------------------------------------------------------------
Test set: tek.sdet.framework.runner.TestRunner
-------------------------------------------------------------------------------
Tests run: 12, Failures: 0, Errors: 12, Skipped: 0, Time elapsed: 18.89 s <<< FAILURE! - in tek.sdet.framework.runner.TestRunner
Retail Order Page.Verify User can add an item to cart  Time elapsed: 7.879 s  <<< ERROR!
org.openqa.selenium.remote.http.ConnectionFailedException: 
Unable to establish websocket connection to http://localhost:57081/devtools/browser/25cbeb4d-ce61-4269-8654-6315256d2062
Build info: version: '4.4.0', revision: 'e5c75ed026a'
System info: host: 'DESKTOP-R5CPUJ5', ip: '192.168.86.133', os.name: 'Windows 11', os.arch: 'amd64', os.version: '10.0', java.version: '11.0.17'
Driver info: driver.version: ChromeDriver
	at org.openqa.selenium.remote.http.netty.NettyWebSocket.<init>(NettyWebSocket.java:102)
	at org.openqa.selenium.remote.http.netty.NettyWebSocket.lambda$create$3(NettyWebSocket.java:128)
	at org.openqa.selenium.remote.http.netty.NettyClient.openSocket(NettyClient.java:106)
	at org.openqa.selenium.devtools.Connection.<init>(Connection.java:77)
	at org.openqa.selenium.chromium.ChromiumDriver.lambda$new$2(ChromiumDriver.java:116)
	at java.base/java.util.Optional.map(Optional.java:265)
	at org.openqa.selenium.chromium.ChromiumDriver.<init>(ChromiumDriver.java:114)
	at org.openqa.selenium.chrome.ChromeDriver.<init>(ChromeDriver.java:81)
	at org.openqa.selenium.chrome.ChromeDriver.<init>(ChromeDriver.java:70)
	at tek.sdet.framework.config.ChromeHeadless.openBrowser(ChromeHeadless.java:16)
	at tek.sdet.framework.base.BaseSetup.setupBrowser(BaseSetup.java:56)
	at tek.sdet.framework.base.BaseUITest.setupTests(BaseUITest.java:12)

Retail Order Page.Verify User can add an item to cart  Time elapsed: 7.879 s  <<< ERROR!
java.lang.NullPointerException
	at tek.sdet.framework.utilities.CommonUtility.takeScreenShotAsByte(CommonUtility.java:59)
	at tek.sdet.framework.base.BaseUITest.closeTests(BaseUITest.java:18)

Retail Order Page.Verify User can place an order with Shipping address and payment Method on file #1  Time elapsed: 1.936 s  <<< ERROR!
org.openqa.selenium.remote.http.ConnectionFailedException: 
Unable to establish websocket connection to http://localhost:57102/devtools/browser/8dfd0a12-dd08-4ea7-af51-c57290329381
Build info: version: '4.4.0', revision: 'e5c75ed026a'
System info: host: 'DESKTOP-R5CPUJ5', ip: '192.168.86.133', os.name: 'Windows 11', os.arch: 'amd64', os.version: '10.0', java.version: '11.0.17'
Driver info: driver.version: ChromeDriver
	at org.openqa.selenium.remote.http.netty.NettyWebSocket.<init>(NettyWebSocket.java:102)
	at org.openqa.selenium.remote.http.netty.NettyWebSocket.lambda$create$3(NettyWebSocket.java:128)
	at org.openqa.selenium.remote.http.netty.NettyClient.openSocket(NettyClient.java:106)
	at org.openqa.selenium.devtools.Connection.<init>(Connection.java:77)
	at org.openqa.selenium.chromium.ChromiumDriver.lambda$new$2(ChromiumDriver.java:116)
	at java.base/java.util.Optional.map(Optional.java:265)
	at org.openqa.selenium.chromium.ChromiumDriver.<init>(ChromiumDriver.java:114)
	at org.openqa.selenium.chrome.ChromeDriver.<init>(ChromeDriver.java:81)
	at org.openqa.selenium.chrome.ChromeDriver.<init>(ChromeDriver.java:70)
	at tek.sdet.framework.config.ChromeHeadless.openBrowser(ChromeHeadless.java:16)
	at tek.sdet.framework.base.BaseSetup.setupBrowser(BaseSetup.java:56)
	at tek.sdet.framework.base.BaseUITest.setupTests(BaseUITest.java:12)

Retail Order Page.Verify User can place an order with Shipping address and payment Method on file #1  Time elapsed: 1.936 s  <<< ERROR!
java.lang.NullPointerException
	at tek.sdet.framework.utilities.CommonUtility.takeScreenShotAsByte(CommonUtility.java:59)
	at tek.sdet.framework.base.BaseUITest.closeTests(BaseUITest.java:18)

Retail Order Page.Verify User can Return the order  Time elapsed: 1.862 s  <<< ERROR!
org.openqa.selenium.remote.http.ConnectionFailedException: 
Unable to establish websocket connection to http://localhost:57120/devtools/browser/af168961-e42d-4c32-aee8-5e584f409a8e
Build info: version: '4.4.0', revision: 'e5c75ed026a'
System info: host: 'DESKTOP-R5CPUJ5', ip: '192.168.86.133', os.name: 'Windows 11', os.arch: 'amd64', os.version: '10.0', java.version: '11.0.17'
Driver info: driver.version: ChromeDriver
	at org.openqa.selenium.remote.http.netty.NettyWebSocket.<init>(NettyWebSocket.java:102)
	at org.openqa.selenium.remote.http.netty.NettyWebSocket.lambda$create$3(NettyWebSocket.java:128)
	at org.openqa.selenium.remote.http.netty.NettyClient.openSocket(NettyClient.java:106)
	at org.openqa.selenium.devtools.Connection.<init>(Connection.java:77)
	at org.openqa.selenium.chromium.ChromiumDriver.lambda$new$2(ChromiumDriver.java:116)
	at java.base/java.util.Optional.map(Optional.java:265)
	at org.openqa.selenium.chromium.ChromiumDriver.<init>(ChromiumDriver.java:114)
	at org.openqa.selenium.chrome.ChromeDriver.<init>(ChromeDriver.java:81)
	at org.openqa.selenium.chrome.ChromeDriver.<init>(ChromeDriver.java:70)
	at tek.sdet.framework.config.ChromeHeadless.openBrowser(ChromeHeadless.java:16)
	at tek.sdet.framework.base.BaseSetup.setupBrowser(BaseSetup.java:56)
	at tek.sdet.framework.base.BaseUITest.setupTests(BaseUITest.java:12)

Retail Order Page.Verify User can Return the order  Time elapsed: 1.862 s  <<< ERROR!
java.lang.NullPointerException
	at tek.sdet.framework.utilities.CommonUtility.takeScreenShotAsByte(CommonUtility.java:59)
	at tek.sdet.framework.base.BaseUITest.closeTests(BaseUITest.java:18)

Retail Order Page.Verify User can write a review on order placed  Time elapsed: 1.746 s  <<< ERROR!
org.openqa.selenium.remote.http.ConnectionFailedException: 
Unable to establish websocket connection to http://localhost:57138/devtools/browser/bf489643-4d1c-4e6a-9310-28230ee5646e
Build info: version: '4.4.0', revision: 'e5c75ed026a'
System info: host: 'DESKTOP-R5CPUJ5', ip: '192.168.86.133', os.name: 'Windows 11', os.arch: 'amd64', os.version: '10.0', java.version: '11.0.17'
Driver info: driver.version: ChromeDriver
	at org.openqa.selenium.remote.http.netty.NettyWebSocket.<init>(NettyWebSocket.java:102)
	at org.openqa.selenium.remote.http.netty.NettyWebSocket.lambda$create$3(NettyWebSocket.java:128)
	at org.openqa.selenium.remote.http.netty.NettyClient.openSocket(NettyClient.java:106)
	at org.openqa.selenium.devtools.Connection.<init>(Connection.java:77)
	at org.openqa.selenium.chromium.ChromiumDriver.lambda$new$2(ChromiumDriver.java:116)
	at java.base/java.util.Optional.map(Optional.java:265)
	at org.openqa.selenium.chromium.ChromiumDriver.<init>(ChromiumDriver.java:114)
	at org.openqa.selenium.chrome.ChromeDriver.<init>(ChromeDriver.java:81)
	at org.openqa.selenium.chrome.ChromeDriver.<init>(ChromeDriver.java:70)
	at tek.sdet.framework.config.ChromeHeadless.openBrowser(ChromeHeadless.java:16)
	at tek.sdet.framework.base.BaseSetup.setupBrowser(BaseSetup.java:56)
	at tek.sdet.framework.base.BaseUITest.setupTests(BaseUITest.java:12)

Retail Order Page.Verify User can write a review on order placed  Time elapsed: 1.746 s  <<< ERROR!
java.lang.NullPointerException
	at tek.sdet.framework.utilities.CommonUtility.takeScreenShotAsByte(CommonUtility.java:59)
	at tek.sdet.framework.base.BaseUITest.closeTests(BaseUITest.java:18)

Retail Order Page.Verify User can place an order with Shipping address and payment Method on file #2  Time elapsed: 1.75 s  <<< ERROR!
org.openqa.selenium.remote.http.ConnectionFailedException: 
Unable to establish websocket connection to http://localhost:57156/devtools/browser/5a65843b-f6d2-4008-befe-ef09404b2753
Build info: version: '4.4.0', revision: 'e5c75ed026a'
System info: host: 'DESKTOP-R5CPUJ5', ip: '192.168.86.133', os.name: 'Windows 11', os.arch: 'amd64', os.version: '10.0', java.version: '11.0.17'
Driver info: driver.version: ChromeDriver
	at org.openqa.selenium.remote.http.netty.NettyWebSocket.<init>(NettyWebSocket.java:102)
	at org.openqa.selenium.remote.http.netty.NettyWebSocket.lambda$create$3(NettyWebSocket.java:128)
	at org.openqa.selenium.remote.http.netty.NettyClient.openSocket(NettyClient.java:106)
	at org.openqa.selenium.devtools.Connection.<init>(Connection.java:77)
	at org.openqa.selenium.chromium.ChromiumDriver.lambda$new$2(ChromiumDriver.java:116)
	at java.base/java.util.Optional.map(Optional.java:265)
	at org.openqa.selenium.chromium.ChromiumDriver.<init>(ChromiumDriver.java:114)
	at org.openqa.selenium.chrome.ChromeDriver.<init>(ChromeDriver.java:81)
	at org.openqa.selenium.chrome.ChromeDriver.<init>(ChromeDriver.java:70)
	at tek.sdet.framework.config.ChromeHeadless.openBrowser(ChromeHeadless.java:16)
	at tek.sdet.framework.base.BaseSetup.setupBrowser(BaseSetup.java:56)
	at tek.sdet.framework.base.BaseUITest.setupTests(BaseUITest.java:12)

Retail Order Page.Verify User can place an order with Shipping address and payment Method on file #2  Time elapsed: 1.75 s  <<< ERROR!
java.lang.NullPointerException
	at tek.sdet.framework.utilities.CommonUtility.takeScreenShotAsByte(CommonUtility.java:59)
	at tek.sdet.framework.base.BaseUITest.closeTests(BaseUITest.java:18)

Retail Order Page.Verify User can cancel the order  Time elapsed: 1.776 s  <<< ERROR!
org.openqa.selenium.remote.http.ConnectionFailedException: 
Unable to establish websocket connection to http://localhost:57173/devtools/browser/96563dd0-638a-4642-8965-1a176e85a26f
Build info: version: '4.4.0', revision: 'e5c75ed026a'
System info: host: 'DESKTOP-R5CPUJ5', ip: '192.168.86.133', os.name: 'Windows 11', os.arch: 'amd64', os.version: '10.0', java.version: '11.0.17'
Driver info: driver.version: ChromeDriver
	at org.openqa.selenium.remote.http.netty.NettyWebSocket.<init>(NettyWebSocket.java:102)
	at org.openqa.selenium.remote.http.netty.NettyWebSocket.lambda$create$3(NettyWebSocket.java:128)
	at org.openqa.selenium.remote.http.netty.NettyClient.openSocket(NettyClient.java:106)
	at org.openqa.selenium.devtools.Connection.<init>(Connection.java:77)
	at org.openqa.selenium.chromium.ChromiumDriver.lambda$new$2(ChromiumDriver.java:116)
	at java.base/java.util.Optional.map(Optional.java:265)
	at org.openqa.selenium.chromium.ChromiumDriver.<init>(ChromiumDriver.java:114)
	at org.openqa.selenium.chrome.ChromeDriver.<init>(ChromeDriver.java:81)
	at org.openqa.selenium.chrome.ChromeDriver.<init>(ChromeDriver.java:70)
	at tek.sdet.framework.config.ChromeHeadless.openBrowser(ChromeHeadless.java:16)
	at tek.sdet.framework.base.BaseSetup.setupBrowser(BaseSetup.java:56)
	at tek.sdet.framework.base.BaseUITest.setupTests(BaseUITest.java:12)

Retail Order Page.Verify User can cancel the order  Time elapsed: 1.776 s  <<< ERROR!
java.lang.NullPointerException
	at tek.sdet.framework.utilities.CommonUtility.takeScreenShotAsByte(CommonUtility.java:59)
	at tek.sdet.framework.base.BaseUITest.closeTests(BaseUITest.java:18)

